ready
Successfully connected.
Successfully connected.
[
  { name: '698948881668636723', point: 269 },
  { name: '455184547840262144', point: 241 },
  { name: '243324884128759817', point: 223 },
  { name: '477840004190830623', point: 223 },
  { name: '359685573499289610', point: 150 },
  { name: '545083775906873364', point: 150 },
  { name: '657932594456821760', point: 143 },
  { name: '156405490136514561', point: 45 },
  { name: '492333880574083083', point: 35 },
  { name: '135363333330042880', point: 33 },
  { name: '343422542888960001', point: 29 },
  { name: '579906236540125195', point: 14 },
  { name: '154243339586109440', point: 9 },
  { name: '246032174426357760', point: 6 },
  { name: '545068465308827654', point: 2 }
]
tzaph 269
flíckєr 241
Berted 223
prabowo 223
Steven Novaryo 150
Pa.Nic 150
rama_pang 143
joltic 45
SADrian 35
hocky 33
Pyqe 29
nabilervatra 14
malfple 9
KaizukiZio 6
nandonathaniel 2

[
  { name: '698948881668636723', point: 269 },
  { name: '455184547840262144', point: 242 },
  { name: '243324884128759817', point: 223 },
  { name: '477840004190830623', point: 223 },
  { name: '359685573499289610', point: 150 },
  { name: '545083775906873364', point: 150 },
  { name: '657932594456821760', point: 143 },
  { name: '156405490136514561', point: 45 },
  { name: '492333880574083083', point: 35 },
  { name: '135363333330042880', point: 33 },
  { name: '343422542888960001', point: 29 },
  { name: '579906236540125195', point: 14 },
  { name: '154243339586109440', point: 9 },
  { name: '246032174426357760', point: 6 },
  { name: '545068465308827654', point: 2 }
]
tzaph 269
flíckєr 242
Berted 223
prabowo 223
Steven Novaryo 150
Pa.Nic 150
rama_pang 143
joltic 45
SADrian 35
hocky 33
Pyqe 29
nabilervatra 14
malfple 9
KaizukiZio 6
nandonathaniel 2

